<?xml version="1.0" encoding="UTF-8"?>
<!-- Generated by org.testng.reporters.JUnitReportReporter -->
<testsuite hostname="DESKTOP-8JJRR8O" failures="0" tests="1" name="basetest.LoginTest" time="4.010" errors="0" timestamp="2022-12-02T21:53:06 IST" skipped="0">
  <testcase classname="basetest.LoginTest" name="verifyLogin" time="4.010"/>
  <system-out/>
</testsuite> <!-- basetest.LoginTest -->
